CompileCommand: exclude com/intellij/openapi/vfs/impl/FilePartNodeRoot.trieDescend bool exclude = true
2024-02-05 19:23:52,230 [   3298]   WARN - #c.i.c.ComponentStoreImpl - Duplicated scheme Light - old: Light, new Light
2024-02-05 19:23:53,146 [   4214]   WARN - #c.i.o.a.ActionStub - ActionGroup should be registered using <group> tag: id="CreateCMakeProject" class="com.jetbrains.cidr.cpp.cmake.projectWizard.CLionCMakeNewProjectStep"
Will call enable for [PluginDescriptor(name=Code With Me, id=com.jetbrains.codeWithMe, descriptorPath=plugin.xml, path=~/clion/plugins/cwm-plugin, version=232.8660.186, package=org.intellij.android.cwm, isBundled=true)]

2024-02-05 19:24:03,938 [  15006]   WARN - #c.i.o.w.i.s.w.StatusBarWidgetsManager - com.maddyhome.idea.vim.ui.ShowCmdStatusBarWidgetFactory doesn't define id for extension (point=com.intellij.statusBarWidgetFactory). Please specify `id` attribute.
2024-02-05 19:24:03,948 [  15016]   WARN - #c.i.o.w.i.s.w.StatusBarWidgetsManager - com.maddyhome.idea.vim.ui.StatusBarIconFactory doesn't define id for extension (point=com.intellij.statusBarWidgetFactory). Please specify `id` attribute.
Info  | RdCoroutineScope          | 57:DefaultDispatcher-worker-39 | RdCoroutineHost overridden 
2024-02-05 19:24:04,680 [  15748]   WARN - #c.i.o.a.i.ActionUpdater - 301 ms to grab EDT for ToolWindowHeader$2#getChildren@ToolwindowTitle (com.intellij.toolWindow.ToolWindowHeader$2)
2024-02-05 19:24:08,990 [  20058]   WARN - #com.maddyhome.idea.vim.vimscript.Executor - Failed while executing SetCommand(ranges=Ranges[ranges=[]], argument=which-key). Unknown option: which-key
2024-02-05 19:24:11,142 [  22210]   WARN - #c.i.u.x.Binding - no accessors for java.time.LocalTime
2024-02-05 19:24:23,650 [  34718]   WARN - #c.i.o.a.i.Utils - Unable to wrap 'com.maddyhome.idea.vim.helper.EditorDataContext'. Use CustomizedDataContext or EdtDataContext
java.lang.Throwable: Unable to wrap 'com.maddyhome.idea.vim.helper.EditorDataContext'. Use CustomizedDataContext or EdtDataContext
	at com.intellij.openapi.actionSystem.impl.Utils.wrapToAsyncDataContext(Utils.java:116)
	at com.intellij.openapi.actionSystem.impl.Utils.wrapToAsyncDataContext(Utils.java:107)
	at com.intellij.openapi.actionSystem.impl.Utils.wrapToAsyncDataContext(Utils.java:107)
	at com.intellij.openapi.actionSystem.impl.Utils.wrapDataContext(Utils.java:127)
	at com.intellij.ui.popup.ActionPopupStep.createActionItems(ActionPopupStep.java:126)
	at com.intellij.ui.popup.PopupFactoryImpl$ActionGroupPopup.createStep(PopupFactoryImpl.java:280)
	at com.intellij.ui.popup.PopupFactoryImpl$ActionGroupPopup.<init>(PopupFactoryImpl.java:236)
	at com.intellij.ui.popup.PopupFactoryImpl$ActionGroupPopup.<init>(PopupFactoryImpl.java:218)
	at com.intellij.ui.popup.PopupFactoryImpl$ActionGroupPopup.<init>(PopupFactoryImpl.java:185)
	at com.intellij.ui.popup.PopupFactoryImpl.createActionGroupPopup(PopupFactoryImpl.java:379)
	at com.jetbrains.rdserver.ui.popup.BackendBePopupFactory.createActionGroupPopup(BackendBePopupFactory.kt:115)
	at com.intellij.ide.actions.QuickSwitchSchemeAction.showPopup(QuickSwitchSchemeAction.java:59)
	at com.intellij.ide.actions.QuickSwitchSchemeAction.actionPerformed(QuickSwitchSchemeAction.java:50)
	at com.maddyhome.idea.vim.helper.IjActionExecutor.executeAction$lambda$0(IjActionExecutor.kt:105)
	at com.maddyhome.idea.vim.helper.IjActionExecutor.performDumbAwareWithCallbacks(IjActionExecutor.kt:125)
	at com.maddyhome.idea.vim.helper.IjActionExecutor.executeAction(IjActionExecutor.kt:105)
	at com.maddyhome.idea.vim.helper.IjActionExecutor.executeAction(IjActionExecutor.kt:155)
	at com.maddyhome.idea.vim.key.ToActionMappingInfo.execute(MappingInfo.kt:253)
	at com.maddyhome.idea.vim.command.MappingProcessor.handleCompleteMappingSequence(MappingProcessor.kt:180)
	at com.maddyhome.idea.vim.command.MappingProcessor.handleKeyMapping$vim_engine(MappingProcessor.kt:57)
	at com.maddyhome.idea.vim.KeyHandler.handleKey(KeyHandler.kt:110)
	at com.maddyhome.idea.vim.key.ToKeysMappingInfo.execute(MappingInfo.kt:98)
	at com.maddyhome.idea.vim.command.MappingProcessor.handleCompleteMappingSequence(MappingProcessor.kt:180)
	at com.maddyhome.idea.vim.command.MappingProcessor.handleKeyMapping$vim_engine(MappingProcessor.kt:57)
	at com.maddyhome.idea.vim.KeyHandler.handleKey(KeyHandler.kt:110)
	at com.maddyhome.idea.vim.KeyHandler.handleKey(KeyHandler.kt:65)
	at com.maddyhome.idea.vim.VimTypedActionHandler.execute(VimTypedActionHandler.kt:77)
	at com.intellij.openapi.editor.actionSystem.TypedAction.lambda$actionPerformed$2(TypedAction.java:201)
	at com.intellij.reporting.FreezeLoggerImpl.runUnderPerformanceMonitor(FreezeLoggerImpl.java:28)
	at com.intellij.openapi.editor.actionSystem.TypedAction.actionPerformed(TypedAction.java:200)
	at com.intellij.openapi.editor.impl.EditorImpl.processKeyTypedNormally(EditorImpl.java:1341)
	at com.intellij.openapi.editor.impl.EditorImpl.processKeyTyped(EditorImpl.java:1323)
	at com.intellij.openapi.editor.impl.EditorImpl.processKeyTyped(EditorImpl.java:3527)
	at com.intellij.openapi.editor.impl.EditorImpl$7.keyTyped(EditorImpl.java:1156)
	at java.desktop/java.awt.AWTEventMulticaster.keyTyped(AWTEventMulticaster.java:247)
	at java.desktop/java.awt.AWTEventMulticaster.keyTyped(AWTEventMulticaster.java:247)
	at java.desktop/java.awt.Component.processKeyEvent(Component.java:6612)
	at java.desktop/javax.swing.JComponent.processKeyEvent(JComponent.java:2892)
	at java.desktop/java.awt.Component.processEvent(Component.java:6434)
	at java.desktop/java.awt.Container.processEvent(Container.java:2266)
	at java.desktop/java.awt.Component.dispatchEventImpl(Component.java:5027)
	at java.desktop/java.awt.Container.dispatchEventImpl(Container.java:2324)
	at java.desktop/java.awt.Component.dispatchEvent(Component.java:4855)
	at java.desktop/java.awt.KeyboardFocusManager.redispatchEvent(KeyboardFocusManager.java:1954)
	at java.desktop/java.awt.DefaultKeyboardFocusManager.dispatchKeyEvent(DefaultKeyboardFocusManager.java:886)
	at java.desktop/java.awt.DefaultKeyboardFocusManager.preDispatchKeyEvent(DefaultKeyboardFocusManager.java:1166)
	at java.desktop/java.awt.DefaultKeyboardFocusManager.typeAheadAssertions(DefaultKeyboardFocusManager.java:1023)
	at java.desktop/java.awt.DefaultKeyboardFocusManager.dispatchEvent(DefaultKeyboardFocusManager.java:849)
	at com.intellij.ide.IdeKeyboardFocusManager.access$dispatchEvent$s1569605750(IdeKeyboardFocusManager.kt:18)
	at com.intellij.ide.IdeKeyboardFocusManager$dispatchEvent$1.invoke(IdeKeyboardFocusManager.kt:25)
	at com.intellij.ide.IdeKeyboardFocusManager$dispatchEvent$1.invoke(IdeKeyboardFocusManager.kt:25)
	at com.intellij.ide.IdeEventQueueKt.performActivity$lambda$1(IdeEventQueue.kt:992)
	at com.intellij.openapi.application.TransactionGuardImpl.performActivity(TransactionGuardImpl.java:105)
	at com.intellij.ide.IdeEventQueueKt.performActivity(IdeEventQueue.kt:992)
	at com.intellij.ide.IdeKeyboardFocusManager.dispatchEvent(IdeKeyboardFocusManager.kt:25)
	at java.desktop/java.awt.Component.dispatchEventImpl(Component.java:4904)
	at java.desktop/java.awt.Container.dispatchEventImpl(Container.java:2324)
	at java.desktop/java.awt.Window.dispatchEventImpl(Window.java:2808)
	at java.desktop/java.awt.Component.dispatchEvent(Component.java:4855)
	at java.desktop/java.awt.EventQueue.dispatchEventImpl(EventQueue.java:791)
	at java.desktop/java.awt.EventQueue$3.run(EventQueue.java:740)
	at java.desktop/java.awt.EventQueue$3.run(EventQueue.java:734)
	at java.base/java.security.AccessController.doPrivileged(AccessController.java:399)
	at java.base/java.security.ProtectionDomain$JavaSecurityAccessImpl.doIntersectionPrivilege(ProtectionDomain.java:86)
	at java.base/java.security.ProtectionDomain$JavaSecurityAccessImpl.doIntersectionPrivilege(ProtectionDomain.java:97)
	at java.desktop/java.awt.EventQueue$4.run(EventQueue.java:764)
	at java.desktop/java.awt.EventQueue$4.run(EventQueue.java:762)
	at java.base/java.security.AccessController.doPrivileged(AccessController.java:399)
	at java.base/java.security.ProtectionDomain$JavaSecurityAccessImpl.doIntersectionPrivilege(ProtectionDomain.java:86)
	at java.desktop/java.awt.EventQueue.dispatchEvent(EventQueue.java:761)
	at com.intellij.ide.IdeEventQueue.defaultDispatchEvent(IdeEventQueue.kt:685)
	at com.intellij.ide.IdeEventQueue.dispatchKeyEvent(IdeEventQueue.kt:620)
	at com.intellij.ide.IdeEventQueue._dispatchEvent(IdeEventQueue.kt:587)
	at com.intellij.ide.IdeEventQueue.access$_dispatchEvent(IdeEventQueue.kt:67)
	at com.intellij.ide.IdeEventQueue$dispatchEvent$processEventRunnable$1$1$1.compute(IdeEventQueue.kt:369)
	at com.intellij.ide.IdeEventQueue$dispatchEvent$processEventRunnable$1$1$1.compute(IdeEventQueue.kt:368)
	at com.intellij.openapi.progress.impl.CoreProgressManager.computePrioritized(CoreProgressManager.java:787)
	at com.intellij.ide.IdeEventQueue$dispatchEvent$processEventRunnable$1$1.invoke(IdeEventQueue.kt:368)
	at com.intellij.ide.IdeEventQueue$dispatchEvent$processEventRunnable$1$1.invoke(IdeEventQueue.kt:363)
	at com.intellij.ide.IdeEventQueueKt.performActivity$lambda$1(IdeEventQueue.kt:992)
	at com.intellij.openapi.application.TransactionGuardImpl.performActivity(TransactionGuardImpl.java:113)
	at com.intellij.ide.IdeEventQueueKt.performActivity(IdeEventQueue.kt:992)
	at com.intellij.ide.IdeEventQueue.dispatchEvent$lambda$7(IdeEventQueue.kt:363)
	at com.intellij.openapi.application.impl.ApplicationImpl.runIntendedWriteActionOnCurrentThread(ApplicationImpl.java:861)
	at com.intellij.ide.IdeEventQueue.dispatchEvent(IdeEventQueue.kt:405)
	at java.desktop/java.awt.EventDispatchThread.pumpOneEventForFilters(EventDispatchThread.java:207)
	at java.desktop/java.awt.EventDispatchThread.pumpEventsForFilter(EventDispatchThread.java:128)
	at java.desktop/java.awt.EventDispatchThread.pumpEventsForHierarchy(EventDispatchThread.java:117)
	at java.desktop/java.awt.EventDispatchThread.pumpEvents(EventDispatchThread.java:113)
	at java.desktop/java.awt.EventDispatchThread.pumpEvents(EventDispatchThread.java:105)
	at java.desktop/java.awt.EventDispatchThread.run(EventDispatchThread.java:92)
2024-02-05 19:24:23,653 [  34721]   WARN - #c.i.o.a.i.Utils - Unable to wrap 'com.maddyhome.idea.vim.helper.EditorDataContext'. Use CustomizedDataContext or EdtDataContext
java.lang.Throwable: Unable to wrap 'com.maddyhome.idea.vim.helper.EditorDataContext'. Use CustomizedDataContext or EdtDataContext
	at com.intellij.openapi.actionSystem.impl.Utils.wrapToAsyncDataContext(Utils.java:116)
	at com.intellij.openapi.actionSystem.impl.Utils.wrapToAsyncDataContext(Utils.java:107)
	at com.intellij.openapi.actionSystem.impl.Utils.wrapToAsyncDataContext(Utils.java:107)
	at com.intellij.openapi.actionSystem.impl.Utils.wrapDataContext(Utils.java:127)
	at com.intellij.ui.popup.ActionStepBuilder.<init>(ActionStepBuilder.java:54)
	at com.intellij.ui.popup.ActionPopupStep.createActionItems(ActionPopupStep.java:127)
	at com.intellij.ui.popup.PopupFactoryImpl$ActionGroupPopup.createStep(PopupFactoryImpl.java:280)
	at com.intellij.ui.popup.PopupFactoryImpl$ActionGroupPopup.<init>(PopupFactoryImpl.java:236)
	at com.intellij.ui.popup.PopupFactoryImpl$ActionGroupPopup.<init>(PopupFactoryImpl.java:218)
	at com.intellij.ui.popup.PopupFactoryImpl$ActionGroupPopup.<init>(PopupFactoryImpl.java:185)
	at com.intellij.ui.popup.PopupFactoryImpl.createActionGroupPopup(PopupFactoryImpl.java:379)
	at com.jetbrains.rdserver.ui.popup.BackendBePopupFactory.createActionGroupPopup(BackendBePopupFactory.kt:115)
	at com.intellij.ide.actions.QuickSwitchSchemeAction.showPopup(QuickSwitchSchemeAction.java:59)
	at com.intellij.ide.actions.QuickSwitchSchemeAction.actionPerformed(QuickSwitchSchemeAction.java:50)
	at com.maddyhome.idea.vim.helper.IjActionExecutor.executeAction$lambda$0(IjActionExecutor.kt:105)
	at com.maddyhome.idea.vim.helper.IjActionExecutor.performDumbAwareWithCallbacks(IjActionExecutor.kt:125)
	at com.maddyhome.idea.vim.helper.IjActionExecutor.executeAction(IjActionExecutor.kt:105)
	at com.maddyhome.idea.vim.helper.IjActionExecutor.executeAction(IjActionExecutor.kt:155)
	at com.maddyhome.idea.vim.key.ToActionMappingInfo.execute(MappingInfo.kt:253)
	at com.maddyhome.idea.vim.command.MappingProcessor.handleCompleteMappingSequence(MappingProcessor.kt:180)
	at com.maddyhome.idea.vim.command.MappingProcessor.handleKeyMapping$vim_engine(MappingProcessor.kt:57)
	at com.maddyhome.idea.vim.KeyHandler.handleKey(KeyHandler.kt:110)
	at com.maddyhome.idea.vim.key.ToKeysMappingInfo.execute(MappingInfo.kt:98)
	at com.maddyhome.idea.vim.command.MappingProcessor.handleCompleteMappingSequence(MappingProcessor.kt:180)
	at com.maddyhome.idea.vim.command.MappingProcessor.handleKeyMapping$vim_engine(MappingProcessor.kt:57)
	at com.maddyhome.idea.vim.KeyHandler.handleKey(KeyHandler.kt:110)
	at com.maddyhome.idea.vim.KeyHandler.handleKey(KeyHandler.kt:65)
	at com.maddyhome.idea.vim.VimTypedActionHandler.execute(VimTypedActionHandler.kt:77)
	at com.intellij.openapi.editor.actionSystem.TypedAction.lambda$actionPerformed$2(TypedAction.java:201)
	at com.intellij.reporting.FreezeLoggerImpl.runUnderPerformanceMonitor(FreezeLoggerImpl.java:28)
	at com.intellij.openapi.editor.actionSystem.TypedAction.actionPerformed(TypedAction.java:200)
	at com.intellij.openapi.editor.impl.EditorImpl.processKeyTypedNormally(EditorImpl.java:1341)
	at com.intellij.openapi.editor.impl.EditorImpl.processKeyTyped(EditorImpl.java:1323)
	at com.intellij.openapi.editor.impl.EditorImpl.processKeyTyped(EditorImpl.java:3527)
	at com.intellij.openapi.editor.impl.EditorImpl$7.keyTyped(EditorImpl.java:1156)
	at java.desktop/java.awt.AWTEventMulticaster.keyTyped(AWTEventMulticaster.java:247)
	at java.desktop/java.awt.AWTEventMulticaster.keyTyped(AWTEventMulticaster.java:247)
	at java.desktop/java.awt.Component.processKeyEvent(Component.java:6612)
	at java.desktop/javax.swing.JComponent.processKeyEvent(JComponent.java:2892)
	at java.desktop/java.awt.Component.processEvent(Component.java:6434)
	at java.desktop/java.awt.Container.processEvent(Container.java:2266)
	at java.desktop/java.awt.Component.dispatchEventImpl(Component.java:5027)
	at java.desktop/java.awt.Container.dispatchEventImpl(Container.java:2324)
	at java.desktop/java.awt.Component.dispatchEvent(Component.java:4855)
	at java.desktop/java.awt.KeyboardFocusManager.redispatchEvent(KeyboardFocusManager.java:1954)
	at java.desktop/java.awt.DefaultKeyboardFocusManager.dispatchKeyEvent(DefaultKeyboardFocusManager.java:886)
	at java.desktop/java.awt.DefaultKeyboardFocusManager.preDispatchKeyEvent(DefaultKeyboardFocusManager.java:1166)
	at java.desktop/java.awt.DefaultKeyboardFocusManager.typeAheadAssertions(DefaultKeyboardFocusManager.java:1023)
	at java.desktop/java.awt.DefaultKeyboardFocusManager.dispatchEvent(DefaultKeyboardFocusManager.java:849)
	at com.intellij.ide.IdeKeyboardFocusManager.access$dispatchEvent$s1569605750(IdeKeyboardFocusManager.kt:18)
	at com.intellij.ide.IdeKeyboardFocusManager$dispatchEvent$1.invoke(IdeKeyboardFocusManager.kt:25)
	at com.intellij.ide.IdeKeyboardFocusManager$dispatchEvent$1.invoke(IdeKeyboardFocusManager.kt:25)
	at com.intellij.ide.IdeEventQueueKt.performActivity$lambda$1(IdeEventQueue.kt:992)
	at com.intellij.openapi.application.TransactionGuardImpl.performActivity(TransactionGuardImpl.java:105)
	at com.intellij.ide.IdeEventQueueKt.performActivity(IdeEventQueue.kt:992)
	at com.intellij.ide.IdeKeyboardFocusManager.dispatchEvent(IdeKeyboardFocusManager.kt:25)
	at java.desktop/java.awt.Component.dispatchEventImpl(Component.java:4904)
	at java.desktop/java.awt.Container.dispatchEventImpl(Container.java:2324)
	at java.desktop/java.awt.Window.dispatchEventImpl(Window.java:2808)
	at java.desktop/java.awt.Component.dispatchEvent(Component.java:4855)
	at java.desktop/java.awt.EventQueue.dispatchEventImpl(EventQueue.java:791)
	at java.desktop/java.awt.EventQueue$3.run(EventQueue.java:740)
	at java.desktop/java.awt.EventQueue$3.run(EventQueue.java:734)
	at java.base/java.security.AccessController.doPrivileged(AccessController.java:399)
	at java.base/java.security.ProtectionDomain$JavaSecurityAccessImpl.doIntersectionPrivilege(ProtectionDomain.java:86)
	at java.base/java.security.ProtectionDomain$JavaSecurityAccessImpl.doIntersectionPrivilege(ProtectionDomain.java:97)
	at java.desktop/java.awt.EventQueue$4.run(EventQueue.java:764)
	at java.desktop/java.awt.EventQueue$4.run(EventQueue.java:762)
	at java.base/java.security.AccessController.doPrivileged(AccessController.java:399)
	at java.base/java.security.ProtectionDomain$JavaSecurityAccessImpl.doIntersectionPrivilege(ProtectionDomain.java:86)
	at java.desktop/java.awt.EventQueue.dispatchEvent(EventQueue.java:761)
	at com.intellij.ide.IdeEventQueue.defaultDispatchEvent(IdeEventQueue.kt:685)
	at com.intellij.ide.IdeEventQueue.dispatchKeyEvent(IdeEventQueue.kt:620)
	at com.intellij.ide.IdeEventQueue._dispatchEvent(IdeEventQueue.kt:587)
	at com.intellij.ide.IdeEventQueue.access$_dispatchEvent(IdeEventQueue.kt:67)
	at com.intellij.ide.IdeEventQueue$dispatchEvent$processEventRunnable$1$1$1.compute(IdeEventQueue.kt:369)
	at com.intellij.ide.IdeEventQueue$dispatchEvent$processEventRunnable$1$1$1.compute(IdeEventQueue.kt:368)
	at com.intellij.openapi.progress.impl.CoreProgressManager.computePrioritized(CoreProgressManager.java:787)
	at com.intellij.ide.IdeEventQueue$dispatchEvent$processEventRunnable$1$1.invoke(IdeEventQueue.kt:368)
	at com.intellij.ide.IdeEventQueue$dispatchEvent$processEventRunnable$1$1.invoke(IdeEventQueue.kt:363)
	at com.intellij.ide.IdeEventQueueKt.performActivity$lambda$1(IdeEventQueue.kt:992)
	at com.intellij.openapi.application.TransactionGuardImpl.performActivity(TransactionGuardImpl.java:113)
	at com.intellij.ide.IdeEventQueueKt.performActivity(IdeEventQueue.kt:992)
	at com.intellij.ide.IdeEventQueue.dispatchEvent$lambda$7(IdeEventQueue.kt:363)
	at com.intellij.openapi.application.impl.ApplicationImpl.runIntendedWriteActionOnCurrentThread(ApplicationImpl.java:861)
	at com.intellij.ide.IdeEventQueue.dispatchEvent(IdeEventQueue.kt:405)
	at java.desktop/java.awt.EventDispatchThread.pumpOneEventForFilters(EventDispatchThread.java:207)
	at java.desktop/java.awt.EventDispatchThread.pumpEventsForFilter(EventDispatchThread.java:128)
	at java.desktop/java.awt.EventDispatchThread.pumpEventsForHierarchy(EventDispatchThread.java:117)
	at java.desktop/java.awt.EventDispatchThread.pumpEvents(EventDispatchThread.java:113)
	at java.desktop/java.awt.EventDispatchThread.pumpEvents(EventDispatchThread.java:105)
	at java.desktop/java.awt.EventDispatchThread.run(EventDispatchThread.java:92)
2024-02-05 19:24:23,659 [  34727]   WARN - #c.i.o.a.i.Utils - Unable to wrap 'com.maddyhome.idea.vim.helper.EditorDataContext'. Use CustomizedDataContext or EdtDataContext
java.lang.Throwable: Unable to wrap 'com.maddyhome.idea.vim.helper.EditorDataContext'. Use CustomizedDataContext or EdtDataContext
	at com.intellij.openapi.actionSystem.impl.Utils.wrapToAsyncDataContext(Utils.java:116)
	at com.intellij.openapi.actionSystem.impl.Utils.wrapToAsyncDataContext(Utils.java:107)
	at com.intellij.openapi.actionSystem.impl.Utils.wrapToAsyncDataContext(Utils.java:107)
	at com.intellij.openapi.actionSystem.impl.Utils.wrapDataContext(Utils.java:127)
	at com.intellij.openapi.actionSystem.impl.Utils.expandActionGroupImpl(Utils.java:230)
	at com.intellij.openapi.actionSystem.impl.Utils.lambda$expandActionGroup$0(Utils.java:207)
	at com.intellij.openapi.actionSystem.impl.Utils.computeWithRetries(Utils.java:905)
	at com.intellij.openapi.actionSystem.impl.Utils.expandActionGroup(Utils.java:206)
	at com.intellij.ui.popup.ActionStepBuilder.appendActionsFromGroup(ActionStepBuilder.java:98)
	at com.intellij.ui.popup.ActionStepBuilder.buildGroup(ActionStepBuilder.java:70)
	at com.intellij.ui.popup.ActionPopupStep.createActionItems(ActionPopupStep.java:129)
	at com.intellij.ui.popup.PopupFactoryImpl$ActionGroupPopup.createStep(PopupFactoryImpl.java:280)
	at com.intellij.ui.popup.PopupFactoryImpl$ActionGroupPopup.<init>(PopupFactoryImpl.java:236)
	at com.intellij.ui.popup.PopupFactoryImpl$ActionGroupPopup.<init>(PopupFactoryImpl.java:218)
	at com.intellij.ui.popup.PopupFactoryImpl$ActionGroupPopup.<init>(PopupFactoryImpl.java:185)
	at com.intellij.ui.popup.PopupFactoryImpl.createActionGroupPopup(PopupFactoryImpl.java:379)
	at com.jetbrains.rdserver.ui.popup.BackendBePopupFactory.createActionGroupPopup(BackendBePopupFactory.kt:115)
	at com.intellij.ide.actions.QuickSwitchSchemeAction.showPopup(QuickSwitchSchemeAction.java:59)
	at com.intellij.ide.actions.QuickSwitchSchemeAction.actionPerformed(QuickSwitchSchemeAction.java:50)
	at com.maddyhome.idea.vim.helper.IjActionExecutor.executeAction$lambda$0(IjActionExecutor.kt:105)
	at com.maddyhome.idea.vim.helper.IjActionExecutor.performDumbAwareWithCallbacks(IjActionExecutor.kt:125)
	at com.maddyhome.idea.vim.helper.IjActionExecutor.executeAction(IjActionExecutor.kt:105)
	at com.maddyhome.idea.vim.helper.IjActionExecutor.executeAction(IjActionExecutor.kt:155)
	at com.maddyhome.idea.vim.key.ToActionMappingInfo.execute(MappingInfo.kt:253)
	at com.maddyhome.idea.vim.command.MappingProcessor.handleCompleteMappingSequence(MappingProcessor.kt:180)
	at com.maddyhome.idea.vim.command.MappingProcessor.handleKeyMapping$vim_engine(MappingProcessor.kt:57)
	at com.maddyhome.idea.vim.KeyHandler.handleKey(KeyHandler.kt:110)
	at com.maddyhome.idea.vim.key.ToKeysMappingInfo.execute(MappingInfo.kt:98)
	at com.maddyhome.idea.vim.command.MappingProcessor.handleCompleteMappingSequence(MappingProcessor.kt:180)
	at com.maddyhome.idea.vim.command.MappingProcessor.handleKeyMapping$vim_engine(MappingProcessor.kt:57)
	at com.maddyhome.idea.vim.KeyHandler.handleKey(KeyHandler.kt:110)
	at com.maddyhome.idea.vim.KeyHandler.handleKey(KeyHandler.kt:65)
	at com.maddyhome.idea.vim.VimTypedActionHandler.execute(VimTypedActionHandler.kt:77)
	at com.intellij.openapi.editor.actionSystem.TypedAction.lambda$actionPerformed$2(TypedAction.java:201)
	at com.intellij.reporting.FreezeLoggerImpl.runUnderPerformanceMonitor(FreezeLoggerImpl.java:28)
	at com.intellij.openapi.editor.actionSystem.TypedAction.actionPerformed(TypedAction.java:200)
	at com.intellij.openapi.editor.impl.EditorImpl.processKeyTypedNormally(EditorImpl.java:1341)
	at com.intellij.openapi.editor.impl.EditorImpl.processKeyTyped(EditorImpl.java:1323)
	at com.intellij.openapi.editor.impl.EditorImpl.processKeyTyped(EditorImpl.java:3527)
	at com.intellij.openapi.editor.impl.EditorImpl$7.keyTyped(EditorImpl.java:1156)
	at java.desktop/java.awt.AWTEventMulticaster.keyTyped(AWTEventMulticaster.java:247)
	at java.desktop/java.awt.AWTEventMulticaster.keyTyped(AWTEventMulticaster.java:247)
	at java.desktop/java.awt.Component.processKeyEvent(Component.java:6612)
	at java.desktop/javax.swing.JComponent.processKeyEvent(JComponent.java:2892)
	at java.desktop/java.awt.Component.processEvent(Component.java:6434)
	at java.desktop/java.awt.Container.processEvent(Container.java:2266)
	at java.desktop/java.awt.Component.dispatchEventImpl(Component.java:5027)
	at java.desktop/java.awt.Container.dispatchEventImpl(Container.java:2324)
	at java.desktop/java.awt.Component.dispatchEvent(Component.java:4855)
	at java.desktop/java.awt.KeyboardFocusManager.redispatchEvent(KeyboardFocusManager.java:1954)
	at java.desktop/java.awt.DefaultKeyboardFocusManager.dispatchKeyEvent(DefaultKeyboardFocusManager.java:886)
	at java.desktop/java.awt.DefaultKeyboardFocusManager.preDispatchKeyEvent(DefaultKeyboardFocusManager.java:1166)
	at java.desktop/java.awt.DefaultKeyboardFocusManager.typeAheadAssertions(DefaultKeyboardFocusManager.java:1023)
	at java.desktop/java.awt.DefaultKeyboardFocusManager.dispatchEvent(DefaultKeyboardFocusManager.java:849)
	at com.intellij.ide.IdeKeyboardFocusManager.access$dispatchEvent$s1569605750(IdeKeyboardFocusManager.kt:18)
	at com.intellij.ide.IdeKeyboardFocusManager$dispatchEvent$1.invoke(IdeKeyboardFocusManager.kt:25)
	at com.intellij.ide.IdeKeyboardFocusManager$dispatchEvent$1.invoke(IdeKeyboardFocusManager.kt:25)
	at com.intellij.ide.IdeEventQueueKt.performActivity$lambda$1(IdeEventQueue.kt:992)
	at com.intellij.openapi.application.TransactionGuardImpl.performActivity(TransactionGuardImpl.java:105)
	at com.intellij.ide.IdeEventQueueKt.performActivity(IdeEventQueue.kt:992)
	at com.intellij.ide.IdeKeyboardFocusManager.dispatchEvent(IdeKeyboardFocusManager.kt:25)
	at java.desktop/java.awt.Component.dispatchEventImpl(Component.java:4904)
	at java.desktop/java.awt.Container.dispatchEventImpl(Container.java:2324)
	at java.desktop/java.awt.Window.dispatchEventImpl(Window.java:2808)
	at java.desktop/java.awt.Component.dispatchEvent(Component.java:4855)
	at java.desktop/java.awt.EventQueue.dispatchEventImpl(EventQueue.java:791)
	at java.desktop/java.awt.EventQueue$3.run(EventQueue.java:740)
	at java.desktop/java.awt.EventQueue$3.run(EventQueue.java:734)
	at java.base/java.security.AccessController.doPrivileged(AccessController.java:399)
	at java.base/java.security.ProtectionDomain$JavaSecurityAccessImpl.doIntersectionPrivilege(ProtectionDomain.java:86)
	at java.base/java.security.ProtectionDomain$JavaSecurityAccessImpl.doIntersectionPrivilege(ProtectionDomain.java:97)
	at java.desktop/java.awt.EventQueue$4.run(EventQueue.java:764)
	at java.desktop/java.awt.EventQueue$4.run(EventQueue.java:762)
	at java.base/java.security.AccessController.doPrivileged(AccessController.java:399)
	at java.base/java.security.ProtectionDomain$JavaSecurityAccessImpl.doIntersectionPrivilege(ProtectionDomain.java:86)
	at java.desktop/java.awt.EventQueue.dispatchEvent(EventQueue.java:761)
	at com.intellij.ide.IdeEventQueue.defaultDispatchEvent(IdeEventQueue.kt:685)
	at com.intellij.ide.IdeEventQueue.dispatchKeyEvent(IdeEventQueue.kt:620)
	at com.intellij.ide.IdeEventQueue._dispatchEvent(IdeEventQueue.kt:587)
	at com.intellij.ide.IdeEventQueue.access$_dispatchEvent(IdeEventQueue.kt:67)
	at com.intellij.ide.IdeEventQueue$dispatchEvent$processEventRunnable$1$1$1.compute(IdeEventQueue.kt:369)
	at com.intellij.ide.IdeEventQueue$dispatchEvent$processEventRunnable$1$1$1.compute(IdeEventQueue.kt:368)
	at com.intellij.openapi.progress.impl.CoreProgressManager.computePrioritized(CoreProgressManager.java:787)
	at com.intellij.ide.IdeEventQueue$dispatchEvent$processEventRunnable$1$1.invoke(IdeEventQueue.kt:368)
	at com.intellij.ide.IdeEventQueue$dispatchEvent$processEventRunnable$1$1.invoke(IdeEventQueue.kt:363)
	at com.intellij.ide.IdeEventQueueKt.performActivity$lambda$1(IdeEventQueue.kt:992)
	at com.intellij.openapi.application.TransactionGuardImpl.performActivity(TransactionGuardImpl.java:113)
	at com.intellij.ide.IdeEventQueueKt.performActivity(IdeEventQueue.kt:992)
	at com.intellij.ide.IdeEventQueue.dispatchEvent$lambda$7(IdeEventQueue.kt:363)
	at com.intellij.openapi.application.impl.ApplicationImpl.runIntendedWriteActionOnCurrentThread(ApplicationImpl.java:861)
	at com.intellij.ide.IdeEventQueue.dispatchEvent(IdeEventQueue.kt:405)
	at java.desktop/java.awt.EventDispatchThread.pumpOneEventForFilters(EventDispatchThread.java:207)
	at java.desktop/java.awt.EventDispatchThread.pumpEventsForFilter(EventDispatchThread.java:128)
	at java.desktop/java.awt.EventDispatchThread.pumpEventsForHierarchy(EventDispatchThread.java:117)
	at java.desktop/java.awt.EventDispatchThread.pumpEvents(EventDispatchThread.java:113)
	at java.desktop/java.awt.EventDispatchThread.pumpEvents(EventDispatchThread.java:105)
	at java.desktop/java.awt.EventDispatchThread.run(EventDispatchThread.java:92)
2024-02-05 19:24:23,662 [  34730] SEVERE - #c.i.o.a.i.Utils - Async data context required in 'popup': DataContextWrapper(CaretSpecificDataContext(com.maddyhome.idea.vim.helper.EditorDataContext))
java.lang.Throwable: Async data context required in 'popup': DataContextWrapper(CaretSpecificDataContext(com.maddyhome.idea.vim.helper.EditorDataContext))
	at com.intellij.openapi.diagnostic.Logger.error(Logger.java:370)
	at com.intellij.openapi.actionSystem.impl.Utils.expandActionGroupImpl(Utils.java:281)
	at com.intellij.openapi.actionSystem.impl.Utils.lambda$expandActionGroup$0(Utils.java:207)
	at com.intellij.openapi.actionSystem.impl.Utils.computeWithRetries(Utils.java:905)
	at com.intellij.openapi.actionSystem.impl.Utils.expandActionGroup(Utils.java:206)
	at com.intellij.ui.popup.ActionStepBuilder.appendActionsFromGroup(ActionStepBuilder.java:98)
	at com.intellij.ui.popup.ActionStepBuilder.buildGroup(ActionStepBuilder.java:70)
	at com.intellij.ui.popup.ActionPopupStep.createActionItems(ActionPopupStep.java:129)
	at com.intellij.ui.popup.PopupFactoryImpl$ActionGroupPopup.createStep(PopupFactoryImpl.java:280)
	at com.intellij.ui.popup.PopupFactoryImpl$ActionGroupPopup.<init>(PopupFactoryImpl.java:236)
	at com.intellij.ui.popup.PopupFactoryImpl$ActionGroupPopup.<init>(PopupFactoryImpl.java:218)
	at com.intellij.ui.popup.PopupFactoryImpl$ActionGroupPopup.<init>(PopupFactoryImpl.java:185)
	at com.intellij.ui.popup.PopupFactoryImpl.createActionGroupPopup(PopupFactoryImpl.java:379)
	at com.jetbrains.rdserver.ui.popup.BackendBePopupFactory.createActionGroupPopup(BackendBePopupFactory.kt:115)
	at com.intellij.ide.actions.QuickSwitchSchemeAction.showPopup(QuickSwitchSchemeAction.java:59)
	at com.intellij.ide.actions.QuickSwitchSchemeAction.actionPerformed(QuickSwitchSchemeAction.java:50)
	at com.maddyhome.idea.vim.helper.IjActionExecutor.executeAction$lambda$0(IjActionExecutor.kt:105)
	at com.maddyhome.idea.vim.helper.IjActionExecutor.performDumbAwareWithCallbacks(IjActionExecutor.kt:125)
	at com.maddyhome.idea.vim.helper.IjActionExecutor.executeAction(IjActionExecutor.kt:105)
	at com.maddyhome.idea.vim.helper.IjActionExecutor.executeAction(IjActionExecutor.kt:155)
	at com.maddyhome.idea.vim.key.ToActionMappingInfo.execute(MappingInfo.kt:253)
	at com.maddyhome.idea.vim.command.MappingProcessor.handleCompleteMappingSequence(MappingProcessor.kt:180)
	at com.maddyhome.idea.vim.command.MappingProcessor.handleKeyMapping$vim_engine(MappingProcessor.kt:57)
	at com.maddyhome.idea.vim.KeyHandler.handleKey(KeyHandler.kt:110)
	at com.maddyhome.idea.vim.key.ToKeysMappingInfo.execute(MappingInfo.kt:98)
	at com.maddyhome.idea.vim.command.MappingProcessor.handleCompleteMappingSequence(MappingProcessor.kt:180)
	at com.maddyhome.idea.vim.command.MappingProcessor.handleKeyMapping$vim_engine(MappingProcessor.kt:57)
	at com.maddyhome.idea.vim.KeyHandler.handleKey(KeyHandler.kt:110)
	at com.maddyhome.idea.vim.KeyHandler.handleKey(KeyHandler.kt:65)
	at com.maddyhome.idea.vim.VimTypedActionHandler.execute(VimTypedActionHandler.kt:77)
	at com.intellij.openapi.editor.actionSystem.TypedAction.lambda$actionPerformed$2(TypedAction.java:201)
	at com.intellij.reporting.FreezeLoggerImpl.runUnderPerformanceMonitor(FreezeLoggerImpl.java:28)
	at com.intellij.openapi.editor.actionSystem.TypedAction.actionPerformed(TypedAction.java:200)
	at com.intellij.openapi.editor.impl.EditorImpl.processKeyTypedNormally(EditorImpl.java:1341)
	at com.intellij.openapi.editor.impl.EditorImpl.processKeyTyped(EditorImpl.java:1323)
	at com.intellij.openapi.editor.impl.EditorImpl.processKeyTyped(EditorImpl.java:3527)
	at com.intellij.openapi.editor.impl.EditorImpl$7.keyTyped(EditorImpl.java:1156)
	at java.desktop/java.awt.AWTEventMulticaster.keyTyped(AWTEventMulticaster.java:247)
	at java.desktop/java.awt.AWTEventMulticaster.keyTyped(AWTEventMulticaster.java:247)
	at java.desktop/java.awt.Component.processKeyEvent(Component.java:6612)
	at java.desktop/javax.swing.JComponent.processKeyEvent(JComponent.java:2892)
	at java.desktop/java.awt.Component.processEvent(Component.java:6434)
	at java.desktop/java.awt.Container.processEvent(Container.java:2266)
	at java.desktop/java.awt.Component.dispatchEventImpl(Component.java:5027)
	at java.desktop/java.awt.Container.dispatchEventImpl(Container.java:2324)
	at java.desktop/java.awt.Component.dispatchEvent(Component.java:4855)
	at java.desktop/java.awt.KeyboardFocusManager.redispatchEvent(KeyboardFocusManager.java:1954)
	at java.desktop/java.awt.DefaultKeyboardFocusManager.dispatchKeyEvent(DefaultKeyboardFocusManager.java:886)
	at java.desktop/java.awt.DefaultKeyboardFocusManager.preDispatchKeyEvent(DefaultKeyboardFocusManager.java:1166)
	at java.desktop/java.awt.DefaultKeyboardFocusManager.typeAheadAssertions(DefaultKeyboardFocusManager.java:1023)
	at java.desktop/java.awt.DefaultKeyboardFocusManager.dispatchEvent(DefaultKeyboardFocusManager.java:849)
	at com.intellij.ide.IdeKeyboardFocusManager.access$dispatchEvent$s1569605750(IdeKeyboardFocusManager.kt:18)
	at com.intellij.ide.IdeKeyboardFocusManager$dispatchEvent$1.invoke(IdeKeyboardFocusManager.kt:25)
	at com.intellij.ide.IdeKeyboardFocusManager$dispatchEvent$1.invoke(IdeKeyboardFocusManager.kt:25)
	at com.intellij.ide.IdeEventQueueKt.performActivity$lambda$1(IdeEventQueue.kt:992)
	at com.intellij.openapi.application.TransactionGuardImpl.performActivity(TransactionGuardImpl.java:105)
	at com.intellij.ide.IdeEventQueueKt.performActivity(IdeEventQueue.kt:992)
	at com.intellij.ide.IdeKeyboardFocusManager.dispatchEvent(IdeKeyboardFocusManager.kt:25)
	at java.desktop/java.awt.Component.dispatchEventImpl(Component.java:4904)
	at java.desktop/java.awt.Container.dispatchEventImpl(Container.java:2324)
	at java.desktop/java.awt.Window.dispatchEventImpl(Window.java:2808)
	at java.desktop/java.awt.Component.dispatchEvent(Component.java:4855)
	at java.desktop/java.awt.EventQueue.dispatchEventImpl(EventQueue.java:791)
	at java.desktop/java.awt.EventQueue$3.run(EventQueue.java:740)
	at java.desktop/java.awt.EventQueue$3.run(EventQueue.java:734)
	at java.base/java.security.AccessController.doPrivileged(AccessController.java:399)
	at java.base/java.security.ProtectionDomain$JavaSecurityAccessImpl.doIntersectionPrivilege(ProtectionDomain.java:86)
	at java.base/java.security.ProtectionDomain$JavaSecurityAccessImpl.doIntersectionPrivilege(ProtectionDomain.java:97)
	at java.desktop/java.awt.EventQueue$4.run(EventQueue.java:764)
	at java.desktop/java.awt.EventQueue$4.run(EventQueue.java:762)
	at java.base/java.security.AccessController.doPrivileged(AccessController.java:399)
	at java.base/java.security.ProtectionDomain$JavaSecurityAccessImpl.doIntersectionPrivilege(ProtectionDomain.java:86)
	at java.desktop/java.awt.EventQueue.dispatchEvent(EventQueue.java:761)
	at com.intellij.ide.IdeEventQueue.defaultDispatchEvent(IdeEventQueue.kt:685)
	at com.intellij.ide.IdeEventQueue.dispatchKeyEvent(IdeEventQueue.kt:620)
	at com.intellij.ide.IdeEventQueue._dispatchEvent(IdeEventQueue.kt:587)
	at com.intellij.ide.IdeEventQueue.access$_dispatchEvent(IdeEventQueue.kt:67)
	at com.intellij.ide.IdeEventQueue$dispatchEvent$processEventRunnable$1$1$1.compute(IdeEventQueue.kt:369)
	at com.intellij.ide.IdeEventQueue$dispatchEvent$processEventRunnable$1$1$1.compute(IdeEventQueue.kt:368)
	at com.intellij.openapi.progress.impl.CoreProgressManager.computePrioritized(CoreProgressManager.java:787)
	at com.intellij.ide.IdeEventQueue$dispatchEvent$processEventRunnable$1$1.invoke(IdeEventQueue.kt:368)
	at com.intellij.ide.IdeEventQueue$dispatchEvent$processEventRunnable$1$1.invoke(IdeEventQueue.kt:363)
	at com.intellij.ide.IdeEventQueueKt.performActivity$lambda$1(IdeEventQueue.kt:992)
	at com.intellij.openapi.application.TransactionGuardImpl.performActivity(TransactionGuardImpl.java:113)
	at com.intellij.ide.IdeEventQueueKt.performActivity(IdeEventQueue.kt:992)
	at com.intellij.ide.IdeEventQueue.dispatchEvent$lambda$7(IdeEventQueue.kt:363)
	at com.intellij.openapi.application.impl.ApplicationImpl.runIntendedWriteActionOnCurrentThread(ApplicationImpl.java:861)
	at com.intellij.ide.IdeEventQueue.dispatchEvent(IdeEventQueue.kt:405)
	at java.desktop/java.awt.EventDispatchThread.pumpOneEventForFilters(EventDispatchThread.java:207)
	at java.desktop/java.awt.EventDispatchThread.pumpEventsForFilter(EventDispatchThread.java:128)
	at java.desktop/java.awt.EventDispatchThread.pumpEventsForHierarchy(EventDispatchThread.java:117)
	at java.desktop/java.awt.EventDispatchThread.pumpEvents(EventDispatchThread.java:113)
	at java.desktop/java.awt.EventDispatchThread.pumpEvents(EventDispatchThread.java:105)
	at java.desktop/java.awt.EventDispatchThread.run(EventDispatchThread.java:92)
2024-02-05 19:24:23,664 [  34732] SEVERE - #c.i.o.a.i.Utils - CLion 2023.2  Build #CL-232.8660.186
2024-02-05 19:24:23,664 [  34732] SEVERE - #c.i.o.a.i.Utils - JDK: 17.0.7; VM: OpenJDK 64-Bit Server VM; Vendor: JetBrains s.r.o.
2024-02-05 19:24:23,664 [  34732] SEVERE - #c.i.o.a.i.Utils - OS: Linux
2024-02-05 19:24:23,665 [  34733] SEVERE - #c.i.o.a.i.Utils - Plugin to blame: IdeaVim version: 2.4.1
2024-02-05 19:24:25,858 [  36926]   WARN - #c.i.u.x.Binding - no accessors for com.intellij.openapi.projectRoots.Sdk
2024-02-05 19:31:30,568 [ 461636]   WARN - #c.i.i.a.s.WaitForContributorsListenerWrapper - Contributor 'FileSearchEverywhereContributor' did not finish search for 'st' in 3000ms. Maybe it should implement PossibleSlowContributor interface?
2024-02-05 19:31:30,750 [ 461818]   WARN - #c.i.i.a.s.WaitForContributorsListenerWrapper - Contributor 'FileSearchEverywhereContributor' did not finish search for 'stb' in 3000ms. Maybe it should implement PossibleSlowContributor interface?
2024-02-05 19:35:09,730 [ 680798]   WARN - #c.i.i.a.s.WaitForContributorsListenerWrapper - Contributor 'FileSearchEverywhereContributor' did not finish search for 'c' in 3000ms. Maybe it should implement PossibleSlowContributor interface?
2024-02-05 19:37:47,213 [ 838281]   WARN - #c.i.i.a.s.WaitForContributorsListenerWrapper - Contributor 'ActionSearchEverywhereContributor' did not finish search for 're' in 3000ms. Maybe it should implement PossibleSlowContributor interface?
2024-02-05 19:37:48,003 [ 839071]   WARN - #c.i.i.a.s.WaitForContributorsListenerWrapper - Contributor 'ActionSearchEverywhereContributor' did not finish search for 'rel' in 3000ms. Maybe it should implement PossibleSlowContributor interface?
2024-02-05 19:37:55,940 [ 847008]   WARN - c.j.cidr - Not cancellable waiting?
java.lang.Exception: Not cancellable waiting?
	at com.jetbrains.cidr.util.CidrConcurrentUtilsKt.prepareIndicatorToBeCancelledByWA(CidrConcurrentUtils.kt:138)
	at com.jetbrains.cidr.util.CidrConcurrentUtilsKt.waitCancelAware(CidrConcurrentUtils.kt:41)
	at com.jetbrains.cidr.util.CidrConcurrentUtilsKt.waitCancelAware(CidrConcurrentUtils.kt:26)
	at com.jetbrains.cidr.lang.daemon.clang.ExternalResolveUtils.findInParallel(ExternalResolveUtils.java:228)
	at com.jetbrains.cidr.lang.daemon.clang.ExternalResolveUtils.findCombined(ExternalResolveUtils.java:165)
	at com.jetbrains.cidr.lang.psi.impl.OCReferenceElementImpl.resolveToSymbolIgnoringSymbolContext(OCReferenceElementImpl.java:195)
	at com.jetbrains.cidr.lang.resolve.OCTargetElementEvaluator.getElementByReference(OCTargetElementEvaluator.java:88)
	at com.intellij.codeInsight.TargetElementUtilBase.getReferencedElement(TargetElementUtilBase.java:171)
	at com.intellij.codeInsight.TargetElementUtilBase.doGetReferenceOrReferencedElement(TargetElementUtilBase.java:164)
	at com.intellij.codeInsight.TargetElementUtilBase.getReferenceOrReferencedElement(TargetElementUtilBase.java:209)
	at com.intellij.codeInsight.TargetElementUtilBase.getReferencedElement(TargetElementUtilBase.java:253)
	at com.intellij.codeInsight.TargetElementUtilBase.doFindTargetElement(TargetElementUtilBase.java:232)
	at com.intellij.codeInsight.TargetElementUtilBase.findTargetElement(TargetElementUtilBase.java:297)
	at com.intellij.codeInsight.TargetElementUtil.findTargetElement(TargetElementUtil.java:147)
	at com.jetbrains.cidr.lang.psi.impl.OCTargetElementUtil.findTargetElement(OCTargetElementUtil.java:47)
	at com.intellij.model.psi.impl.TargetsKt.fromTargetEvaluator(targets.kt:175)
	at com.intellij.model.psi.impl.TargetsKt.declarationsOrReferences(targets.kt:136)
	at com.intellij.model.psi.impl.TargetsKt.declaredReferencedData(targets.kt:42)
	at com.intellij.model.psi.impl.TargetsKt.targetSymbols(targets.kt:24)
	at com.intellij.webSymbols.documentation.WebSymbolDocumentationTargetProvider.documentationTargets(WebSymbolDocumentationTargetProvider.kt:15)
	at com.intellij.lang.documentation.impl.TargetsKt.documentationTargets(targets.kt:19)
	at com.intellij.lang.documentation.ide.impl.IdeDocumentationTargetProviderImpl.documentationTargets(IdeDocumentationTargetProviderImpl.kt:36)
	at com.intellij.lang.documentation.ide.actions.ActionsKt.targetsFromEditor(actions.kt:89)
	at com.intellij.lang.documentation.ide.actions.ActionsKt.documentationTargetsInner(actions.kt:57)
	at com.intellij.lang.documentation.ide.actions.ActionsKt.access$documentationTargetsInner(actions.kt:1)
	at com.intellij.lang.documentation.ide.actions.DocumentationTargetsDataRule.getData(actions.kt:49)
	at com.intellij.lang.documentation.ide.actions.DocumentationTargetsDataRule.getData(actions.kt:47)
	at com.intellij.ide.impl.DataManagerImpl.getRulesData(DataManagerImpl.java:210)
	at com.intellij.ide.impl.DataManagerImpl.lambda$getDataRuleInner$8(DataManagerImpl.java:183)
	at com.intellij.ide.impl.DataManagerImpl.getDataFromRuleInner(DataManagerImpl.java:112)
	at com.intellij.ide.impl.DataManagerImpl.getDataFromRulesInner(DataManagerImpl.java:99)
	at com.intellij.ide.impl.DataManagerImpl.getDataFromRules(DataManagerImpl.java:67)
	at com.intellij.openapi.actionSystem.impl.EdtDataContext.getData(EdtDataContext.kt:101)
	at com.maddyhome.idea.vim.helper.EditorDataContext.getData(EditorDataContext.kt:33)
	at com.intellij.ide.impl.DataManagerImpl.lambda$getCustomizedData$4(DataManagerImpl.java:156)
	at com.intellij.ide.impl.DataManagerImpl.getDataFromProviderInner(DataManagerImpl.java:241)
	at com.intellij.ide.impl.DataManagerImpl.getDataFromProviderAndRulesInner(DataManagerImpl.java:81)
	at com.intellij.ide.impl.DataManagerImpl.getDataFromProviderAndRules(DataManagerImpl.java:60)
	at com.intellij.ide.impl.DataManagerImpl.getCustomizedData(DataManagerImpl.java:153)
	at com.intellij.openapi.actionSystem.CustomizedDataContext.getData(CustomizedDataContext.java:31)
	at com.intellij.openapi.actionSystem.DataContextWrapper.getData(DataContextWrapper.java:43)
	at com.intellij.ide.impl.DataManagerImpl.lambda$getCustomizedData$4(DataManagerImpl.java:156)
	at com.intellij.ide.impl.DataManagerImpl.getDataFromProviderInner(DataManagerImpl.java:241)
	at com.intellij.ide.impl.DataManagerImpl.getDataFromProviderAndRulesInner(DataManagerImpl.java:81)
	at com.intellij.ide.impl.DataManagerImpl.getDataFromProviderAndRules(DataManagerImpl.java:60)
	at com.intellij.ide.impl.DataManagerImpl.getCustomizedData(DataManagerImpl.java:153)
	at com.intellij.openapi.actionSystem.CustomizedDataContext.getData(CustomizedDataContext.java:31)
	at com.intellij.openapi.actionSystem.DataContextWrapper.getData(DataContextWrapper.java:43)
	at com.intellij.ide.impl.DataManagerImpl.lambda$getCustomizedData$4(DataManagerImpl.java:156)
	at com.intellij.ide.impl.DataManagerImpl.getDataFromProviderInner(DataManagerImpl.java:241)
	at com.intellij.ide.impl.DataManagerImpl.getDataFromProviderAndRulesInner(DataManagerImpl.java:81)
	at com.intellij.ide.impl.DataManagerImpl.getDataFromProviderAndRules(DataManagerImpl.java:60)
	at com.intellij.ide.impl.DataManagerImpl.getCustomizedData(DataManagerImpl.java:153)
	at com.intellij.openapi.actionSystem.CustomizedDataContext.getData(CustomizedDataContext.java:31)
	at com.intellij.openapi.actionSystem.DataContextWrapper.getData(DataContextWrapper.java:43)
	at com.intellij.openapi.actionSystem.DataContext.getData(DataContext.java:45)
	at com.intellij.codeInsight.documentation.actions.ShowQuickDocInfoAction.update(ShowQuickDocInfoAction.kt:26)
	at com.intellij.openapi.actionSystem.AnAction.beforeActionPerformedUpdate(AnAction.java:311)
	at com.intellij.openapi.actionSystem.ex.ActionUtil.lambda$performDumbAwareUpdate$0(ActionUtil.java:156)
	at com.intellij.openapi.actionSystem.ex.ActionUtil.performDumbAwareUpdate(ActionUtil.java:182)
	at com.intellij.openapi.actionSystem.ex.ActionUtil.lastUpdateAndCheckDumb(ActionUtil.java:283)
	at com.maddyhome.idea.vim.helper.IjActionExecutor.executeAction(IjActionExecutor.kt:89)
	at com.maddyhome.idea.vim.helper.IjActionExecutor.executeAction(IjActionExecutor.kt:155)
	at com.maddyhome.idea.vim.action.editor.VimQuickJavaDoc.execute(VimEditorActions.kt:73)
	at com.maddyhome.idea.vim.handler.VimActionHandler.baseExecute(VimActionHandler.kt:87)
	at com.maddyhome.idea.vim.handler.EditorActionHandlerBase.doExecute(EditorActionHandlerBase.kt:96)
	at com.maddyhome.idea.vim.handler.EditorActionHandlerBase.access$doExecute(EditorActionHandlerBase.kt:43)
	at com.maddyhome.idea.vim.handler.EditorActionHandlerBase$execute$action$1.invoke(EditorActionHandlerBase.kt:78)
	at com.maddyhome.idea.vim.handler.EditorActionHandlerBase$execute$action$1.invoke(EditorActionHandlerBase.kt:78)
	at com.maddyhome.idea.vim.handler.EditorActionHandlerBase.execute(EditorActionHandlerBase.kt:82)
	at com.maddyhome.idea.vim.helper.IjActionExecutor.executeVimAction$lambda$2(IjActionExecutor.kt:180)
	at com.intellij.openapi.command.impl.CoreCommandProcessor.executeCommand(CoreCommandProcessor.java:210)
	at com.intellij.openapi.command.impl.CoreCommandProcessor.executeCommand(CoreCommandProcessor.java:174)
	at com.maddyhome.idea.vim.helper.IjActionExecutor.executeVimAction(IjActionExecutor.kt:178)
	at com.maddyhome.idea.vim.KeyHandler$ActionRunner.run(KeyHandler.kt:632)
	at com.intellij.openapi.application.impl.ApplicationImpl.runReadAction(ApplicationImpl.java:895)
	at com.maddyhome.idea.vim.helper.RunnableHelper.runReadCommand$lambda$1(RunnableHelper.kt:26)
	at com.intellij.openapi.command.impl.CoreCommandProcessor.executeCommand(CoreCommandProcessor.java:219)
	at com.intellij.openapi.command.impl.CoreCommandProcessor.executeCommand(CoreCommandProcessor.java:174)
	at com.intellij.openapi.command.impl.CoreCommandProcessor.executeCommand(CoreCommandProcessor.java:164)
	at com.intellij.openapi.command.impl.CoreCommandProcessor.executeCommand(CoreCommandProcessor.java:150)
	at com.maddyhome.idea.vim.helper.RunnableHelper.runReadCommand(RunnableHelper.kt:26)
	at com.maddyhome.idea.vim.newapi.IjVimApplication.runReadCommand(IjVimApplication.kt:66)
	at com.maddyhome.idea.vim.KeyHandler.executeCommand(KeyHandler.kt:445)
	at com.maddyhome.idea.vim.KeyHandler.finishedCommandPreparation$vim_engine(KeyHandler.kt:183)
	at com.maddyhome.idea.vim.KeyHandler.handleKey(KeyHandler.kt:169)
	at com.maddyhome.idea.vim.KeyHandler.handleKey(KeyHandler.kt:65)
	at com.maddyhome.idea.vim.VimTypedActionHandler.execute(VimTypedActionHandler.kt:77)
	at com.intellij.openapi.editor.actionSystem.TypedAction.lambda$actionPerformed$2(TypedAction.java:201)
	at com.intellij.reporting.FreezeLoggerImpl.runUnderPerformanceMonitor(FreezeLoggerImpl.java:28)
	at com.intellij.openapi.editor.actionSystem.TypedAction.actionPerformed(TypedAction.java:200)
	at com.intellij.openapi.editor.impl.EditorImpl.processKeyTypedNormally(EditorImpl.java:1341)
	at com.intellij.openapi.editor.impl.EditorImpl.processKeyTyped(EditorImpl.java:1323)
	at com.intellij.openapi.editor.impl.EditorImpl.processKeyTyped(EditorImpl.java:3527)
	at com.intellij.openapi.editor.impl.EditorImpl$7.keyTyped(EditorImpl.java:1156)
	at java.desktop/java.awt.AWTEventMulticaster.keyTyped(AWTEventMulticaster.java:247)
	at java.desktop/java.awt.AWTEventMulticaster.keyTyped(AWTEventMulticaster.java:247)
	at java.desktop/java.awt.Component.processKeyEvent(Component.java:6612)
	at java.desktop/javax.swing.JComponent.processKeyEvent(JComponent.java:2892)
	at java.desktop/java.awt.Component.processEvent(Component.java:6434)
	at java.desktop/java.awt.Container.processEvent(Container.java:2266)
	at java.desktop/java.awt.Component.dispatchEventImpl(Component.java:5027)
	at java.desktop/java.awt.Container.dispatchEventImpl(Container.java:2324)
	at java.desktop/java.awt.Component.dispatchEvent(Component.java:4855)
	at java.desktop/java.awt.KeyboardFocusManager.redispatchEvent(KeyboardFocusManager.java:1954)
	at java.desktop/java.awt.DefaultKeyboardFocusManager.dispatchKeyEvent(DefaultKeyboardFocusManager.java:886)
	at java.desktop/java.awt.DefaultKeyboardFocusManager.preDispatchKeyEvent(DefaultKeyboardFocusManager.java:1166)
	at java.desktop/java.awt.DefaultKeyboardFocusManager.typeAheadAssertions(DefaultKeyboardFocusManager.java:1023)
	at java.desktop/java.awt.DefaultKeyboardFocusManager.dispatchEvent(DefaultKeyboardFocusManager.java:849)
	at com.intellij.ide.IdeKeyboardFocusManager.access$dispatchEvent$s1569605750(IdeKeyboardFocusManager.kt:18)
	at com.intellij.ide.IdeKeyboardFocusManager$dispatchEvent$1.invoke(IdeKeyboardFocusManager.kt:25)
	at com.intellij.ide.IdeKeyboardFocusManager$dispatchEvent$1.invoke(IdeKeyboardFocusManager.kt:25)
	at com.intellij.ide.IdeEventQueueKt.performActivity$lambda$1(IdeEventQueue.kt:992)
	at com.intellij.openapi.application.TransactionGuardImpl.performActivity(TransactionGuardImpl.java:105)
	at com.intellij.ide.IdeEventQueueKt.performActivity(IdeEventQueue.kt:992)
	at com.intellij.ide.IdeKeyboardFocusManager.dispatchEvent(IdeKeyboardFocusManager.kt:25)
	at java.desktop/java.awt.Component.dispatchEventImpl(Component.java:4904)
	at java.desktop/java.awt.Container.dispatchEventImpl(Container.java:2324)
	at java.desktop/java.awt.Window.dispatchEventImpl(Window.java:2808)
	at java.desktop/java.awt.Component.dispatchEvent(Component.java:4855)
	at java.desktop/java.awt.EventQueue.dispatchEventImpl(EventQueue.java:791)
	at java.desktop/java.awt.EventQueue$3.run(EventQueue.java:740)
	at java.desktop/java.awt.EventQueue$3.run(EventQueue.java:734)
	at java.base/java.security.AccessController.doPrivileged(AccessController.java:399)
	at java.base/java.security.ProtectionDomain$JavaSecurityAccessImpl.doIntersectionPrivilege(ProtectionDomain.java:86)
	at java.base/java.security.ProtectionDomain$JavaSecurityAccessImpl.doIntersectionPrivilege(ProtectionDomain.java:97)
	at java.desktop/java.awt.EventQueue$4.run(EventQueue.java:764)
	at java.desktop/java.awt.EventQueue$4.run(EventQueue.java:762)
	at java.base/java.security.AccessController.doPrivileged(AccessController.java:399)
	at java.base/java.security.ProtectionDomain$JavaSecurityAccessImpl.doIntersectionPrivilege(ProtectionDomain.java:86)
	at java.desktop/java.awt.EventQueue.dispatchEvent(EventQueue.java:761)
	at com.intellij.ide.IdeEventQueue.defaultDispatchEvent(IdeEventQueue.kt:685)
	at com.intellij.ide.IdeEventQueue.dispatchKeyEvent(IdeEventQueue.kt:620)
	at com.intellij.ide.IdeEventQueue._dispatchEvent(IdeEventQueue.kt:587)
	at com.intellij.ide.IdeEventQueue.access$_dispatchEvent(IdeEventQueue.kt:67)
	at com.intellij.ide.IdeEventQueue$dispatchEvent$processEventRunnable$1$1$1.compute(IdeEventQueue.kt:369)
	at com.intellij.ide.IdeEventQueue$dispatchEvent$processEventRunnable$1$1$1.compute(IdeEventQueue.kt:368)
	at com.intellij.openapi.progress.impl.CoreProgressManager.computePrioritized(CoreProgressManager.java:787)
	at com.intellij.ide.IdeEventQueue$dispatchEvent$processEventRunnable$1$1.invoke(IdeEventQueue.kt:368)
	at com.intellij.ide.IdeEventQueue$dispatchEvent$processEventRunnable$1$1.invoke(IdeEventQueue.kt:363)
	at com.intellij.ide.IdeEventQueueKt.performActivity$lambda$1(IdeEventQueue.kt:992)
	at com.intellij.openapi.application.TransactionGuardImpl.performActivity(TransactionGuardImpl.java:113)
	at com.intellij.ide.IdeEventQueueKt.performActivity(IdeEventQueue.kt:992)
	at com.intellij.ide.IdeEventQueue.dispatchEvent$lambda$7(IdeEventQueue.kt:363)
	at com.intellij.openapi.application.impl.ApplicationImpl.runIntendedWriteActionOnCurrentThread(ApplicationImpl.java:861)
	at com.intellij.ide.IdeEventQueue.dispatchEvent(IdeEventQueue.kt:405)
	at java.desktop/java.awt.EventDispatchThread.pumpOneEventForFilters(EventDispatchThread.java:207)
	at java.desktop/java.awt.EventDispatchThread.pumpEventsForFilter(EventDispatchThread.java:128)
	at java.desktop/java.awt.EventDispatchThread.pumpEventsForHierarchy(EventDispatchThread.java:117)
	at java.desktop/java.awt.EventDispatchThread.pumpEvents(EventDispatchThread.java:113)
	at java.desktop/java.awt.EventDispatchThread.pumpEvents(EventDispatchThread.java:105)
	at java.desktop/java.awt.EventDispatchThread.run(EventDispatchThread.java:92)
2024-02-05 19:52:09,087 [1700155]   WARN - #c.i.u.p.AbstractPopup - popup preferred size is bigger than screen: 5136x48
    com.intellij.ui.popup.AbstractPopup$MyContentPanel
      com.intellij.util.ui.components.BorderLayoutPanel
        com.intellij.util.ui.components.BorderLayoutPanel
          com.intellij.openapi.actionSystem.impl.ActionToolbarImpl
            javax.swing.JLabel
          javax.swing.JSeparator
        com.intellij.ui.SimpleColoredComponent
      com.intellij.ui.popup.AbstractPopup$2
        com.intellij.ui.CaptionPanel
2024-02-05 19:52:23,778 [1714846]   WARN - #c.j.c.e.debugger - [UNEXPECTED] >kill
2024-02-05 19:52:23,778 [1714846]   WARN - #c.j.c.e.debugger - [UNEXPECTED] <^error,msg="The program is not being run."
2024-02-05 19:55:04,302 [1875370]   WARN - #c.i.i.a.s.WaitForContributorsListenerWrapper - Contributor 'ActionSearchEverywhereContributor' did not finish search for 'rel' in 3000ms. Maybe it should implement PossibleSlowContributor interface?
2024-02-05 19:55:04,556 [1875624]   WARN - #c.i.i.a.s.WaitForContributorsListenerWrapper - Contributor 'ActionSearchEverywhereContributor' did not finish search for 'r' in 3000ms. Maybe it should implement PossibleSlowContributor interface?
2024-02-05 19:55:04,765 [1875833]   WARN - #c.i.i.a.s.WaitForContributorsListenerWrapper - Contributor 'ActionSearchEverywhereContributor' did not finish search for 'rea' in 3000ms. Maybe it should implement PossibleSlowContributor interface?
2024-02-05 19:55:05,573 [1876641]   WARN - #c.i.i.a.s.WaitForContributorsListenerWrapper - Contributor 'ActionSearchEverywhereContributor' did not finish search for 're' in 3000ms. Maybe it should implement PossibleSlowContributor interface?
2024-02-05 19:55:06,161 [1877229]   WARN - #c.i.i.a.s.WaitForContributorsListenerWrapper - Contributor 'ActionSearchEverywhereContributor' did not finish search for 'relo' in 3000ms. Maybe it should implement PossibleSlowContributor interface?
2024-02-05 20:06:43,170 [2574238]   WARN - #c.i.s.CloudConfigServerCommunicator - Read timed out
java.net.SocketTimeoutException: Read timed out
	at java.base/jdk.internal.reflect.NativeConstructorAccessorImpl.newInstance0(Native Method)
	at java.base/jdk.internal.reflect.NativeConstructorAccessorImpl.newInstance(NativeConstructorAccessorImpl.java:77)
	at java.base/jdk.internal.reflect.DelegatingConstructorAccessorImpl.newInstance(DelegatingConstructorAccessorImpl.java:45)
	at java.base/java.lang.reflect.Constructor.newInstanceWithCaller(Constructor.java:499)
	at java.base/java.lang.reflect.Constructor.newInstance(Constructor.java:480)
	at java.base/sun.net.www.protocol.http.HttpURLConnection$10.run(HttpURLConnection.java:2051)
	at java.base/sun.net.www.protocol.http.HttpURLConnection$10.run(HttpURLConnection.java:2046)
	at java.base/java.security.AccessController.doPrivileged(AccessController.java:569)
	at java.base/sun.net.www.protocol.http.HttpURLConnection.getChainedException(HttpURLConnection.java:2045)
	at java.base/sun.net.www.protocol.http.HttpURLConnection.getInputStream0(HttpURLConnection.java:1609)
	at java.base/sun.net.www.protocol.http.HttpURLConnection.getInputStream(HttpURLConnection.java:1589)
	at java.base/java.net.HttpURLConnection.getResponseCode(HttpURLConnection.java:529)
	at java.base/sun.net.www.protocol.https.HttpsURLConnectionImpl.getResponseCode(HttpsURLConnectionImpl.java:308)
	at com.jetbrains.cloudconfig.AbstractHttpClient.download(AbstractHttpClient.java:97)
	at com.jetbrains.cloudconfig.AbstractCloudConfigFileClient.getLatestVersion(AbstractCloudConfigFileClient.java:81)
	at com.jetbrains.cloudconfig.CloudConfigFileClientV2.getLatestVersion(CloudConfigFileClientV2.java:72)
	at com.intellij.settingsSync.CloudConfigServerCommunicator.checkServerState(CloudConfigServerCommunicator.kt:105)
	at com.intellij.settingsSync.SettingsSyncBridge.checkServer(SettingsSyncBridge.kt:259)
	at com.intellij.settingsSync.SettingsSyncBridge.processExclusiveEvent(SettingsSyncBridge.kt:188)
	at com.intellij.settingsSync.SettingsSyncBridge.settingsChangeListener$lambda$2$lambda$1(SettingsSyncBridge.kt:53)
	at com.intellij.util.ui.update.Update$1.run(Update.java:145)
	at com.intellij.util.ui.update.Update.runUpdate(Update.java:114)
	at com.intellij.util.ui.update.MergingUpdateQueue.execute(MergingUpdateQueue.java:348)
	at com.intellij.util.ui.update.MergingUpdateQueue.execute(MergingUpdateQueue.java:338)
	at com.intellij.util.ui.update.MergingUpdateQueue.doFlush(MergingUpdateQueue.java:295)
	at com.intellij.util.ui.update.MergingUpdateQueue.flush(MergingUpdateQueue.java:277)
	at com.intellij.util.ui.update.MergingUpdateQueue.run(MergingUpdateQueue.java:246)
	at com.intellij.util.concurrency.QueueProcessor.runSafely(QueueProcessor.java:254)
	at com.intellij.util.Alarm$Request.runSafely(Alarm.java:373)
	at com.intellij.util.Alarm$Request.run(Alarm.java:360)
	at com.intellij.util.concurrency.Propagation.contextAwareCallable$lambda$2(propagation.kt:328)
	at java.base/java.util.concurrent.FutureTask.run(FutureTask.java:264)
	at com.intellij.util.concurrency.SchedulingWrapper$MyScheduledFutureTask.run(SchedulingWrapper.java:272)
	at com.intellij.util.concurrency.BoundedTaskExecutor.doRun(BoundedTaskExecutor.java:249)
	at com.intellij.util.concurrency.BoundedTaskExecutor.access$200(BoundedTaskExecutor.java:31)
	at com.intellij.util.concurrency.BoundedTaskExecutor$1.executeFirstTaskAndHelpQueue(BoundedTaskExecutor.java:227)
	at com.intellij.util.ConcurrencyUtil.runUnderThreadName(ConcurrencyUtil.java:218)
	at com.intellij.util.concurrency.BoundedTaskExecutor$1.run(BoundedTaskExecutor.java:215)
	at java.base/java.util.concurrent.ThreadPoolExecutor.runWorker(ThreadPoolExecutor.java:1136)
	at java.base/java.util.concurrent.ThreadPoolExecutor$Worker.run(ThreadPoolExecutor.java:635)
	at java.base/java.util.concurrent.Executors$PrivilegedThreadFactory$1$1.run(Executors.java:702)
	at java.base/java.util.concurrent.Executors$PrivilegedThreadFactory$1$1.run(Executors.java:699)
	at java.base/java.security.AccessController.doPrivileged(AccessController.java:399)
	at java.base/java.util.concurrent.Executors$PrivilegedThreadFactory$1.run(Executors.java:699)
	at java.base/java.lang.Thread.run(Thread.java:833)
Caused by: java.net.SocketTimeoutException: Read timed out
	at java.base/sun.nio.ch.NioSocketImpl.timedRead(NioSocketImpl.java:283)
	at java.base/sun.nio.ch.NioSocketImpl.implRead(NioSocketImpl.java:309)
	at java.base/sun.nio.ch.NioSocketImpl.read(NioSocketImpl.java:350)
	at java.base/sun.nio.ch.NioSocketImpl$1.read(NioSocketImpl.java:803)
	at java.base/java.net.Socket$SocketInputStream.read(Socket.java:966)
	at java.base/sun.security.ssl.SSLSocketInputRecord.read(SSLSocketInputRecord.java:484)
	at java.base/sun.security.ssl.SSLSocketInputRecord.readHeader(SSLSocketInputRecord.java:478)
	at java.base/sun.security.ssl.SSLSocketInputRecord.bytesInCompletePacket(SSLSocketInputRecord.java:70)
	at java.base/sun.security.ssl.SSLSocketImpl.readApplicationRecord(SSLSocketImpl.java:1465)
	at java.base/sun.security.ssl.SSLSocketImpl$AppInputStream.read(SSLSocketImpl.java:1069)
	at java.base/java.io.BufferedInputStream.fill(BufferedInputStream.java:244)
	at java.base/java.io.BufferedInputStream.read1(BufferedInputStream.java:284)
	at java.base/java.io.BufferedInputStream.read(BufferedInputStream.java:343)
	at java.base/sun.net.www.http.HttpClient.parseHTTPHeader(HttpClient.java:824)
	at java.base/sun.net.www.http.HttpClient.parseHTTP(HttpClient.java:759)
	at java.base/sun.net.www.protocol.http.HttpURLConnection.getInputStream0(HttpURLConnection.java:1688)
	at java.base/sun.net.www.protocol.http.HttpURLConnection.getInputStream(HttpURLConnection.java:1589)
	at java.base/sun.net.www.protocol.https.HttpsURLConnectionImpl.getInputStream(HttpsURLConnectionImpl.java:224)
	at com.jetbrains.cloudconfig.AbstractHttpClient.download(AbstractHttpClient.java:95)
	... 31 more
2024-02-05 20:12:40,008 [2931076]   WARN - #c.i.i.a.s.WaitForContributorsListenerWrapper - Contributor 'ActionSearchEverywhereContributor' did not finish search for 'relo' in 3000ms. Maybe it should implement PossibleSlowContributor interface?
2024-02-05 20:12:46,191 [2937259]   WARN - #c.i.i.a.s.WaitForContributorsListenerWrapper - Contributor 'ActionSearchEverywhereContributor' did not finish search for 'relo' in 3000ms. Maybe it should implement PossibleSlowContributor interface?
2024-02-05 20:12:46,426 [2937494]   WARN - #c.i.i.a.s.WaitForContributorsListenerWrapper - Contributor 'ActionSearchEverywhereContributor' did not finish search for 're' in 3000ms. Maybe it should implement PossibleSlowContributor interface?
2024-02-05 20:13:06,598 [2957666]   WARN - #c.i.i.a.s.WaitForContributorsListenerWrapper - Contributor 'ActionSearchEverywhereContributor' did not finish search for 're' in 3000ms. Maybe it should implement PossibleSlowContributor interface?
2024-02-05 20:13:06,894 [2957962]   WARN - #c.i.i.a.s.WaitForContributorsListenerWrapper - Contributor 'ActionSearchEverywhereContributor' did not finish search for 're' in 3000ms. Maybe it should implement PossibleSlowContributor interface?
2024-02-05 20:25:44,513 [3715581]   WARN - #c.i.i.a.s.WaitForContributorsListenerWrapper - Contributor 'ActionSearchEverywhereContributor' did not finish search for 're' in 3000ms. Maybe it should implement PossibleSlowContributor interface?
2024-02-05 20:25:44,744 [3715812]   WARN - #c.i.i.a.s.WaitForContributorsListenerWrapper - Contributor 'ActionSearchEverywhereContributor' did not finish search for 're' in 3000ms. Maybe it should implement PossibleSlowContributor interface?
2024-02-05 20:25:44,925 [3715993]   WARN - #c.i.i.a.s.WaitForContributorsListenerWrapper - Contributor 'ActionSearchEverywhereContributor' did not finish search for 're' in 3000ms. Maybe it should implement PossibleSlowContributor interface?
2024-02-05 20:25:45,446 [3716514]   WARN - #c.i.i.a.s.WaitForContributorsListenerWrapper - Contributor 'ActionSearchEverywhereContributor' did not finish search for 'relo' in 3000ms. Maybe it should implement PossibleSlowContributor interface?
